[01m[K/home/zaynap/Projects/Bt/grab2_bt_testing_pkg/src/main.cpp:[m[K In function â€˜[01m[Kint main(int, char**)[m[Kâ€™:
[01m[K/home/zaynap/Projects/Bt/grab2_bt_testing_pkg/src/main.cpp:7:32:[m[K [01;31m[Kerror: [m[Kâ€˜[01m[Kgrab2_bt_testing_pkg[m[Kâ€™ was not declared in this scope; did you mean â€˜[01m[Kgrab2_bt_testing[m[Kâ€™?
    7 |   auto node = std::make_shared<[01;31m[Kgrab2_bt_testing_pkg[m[K::PickAndNavigate>();
      |                                [01;31m[K^~~~~~~~~~~~~~~~~~~~[m[K
      |                                [32m[Kgrab2_bt_testing[m[K
[01m[K/home/zaynap/Projects/Bt/grab2_bt_testing_pkg/src/main.cpp:7:20:[m[K [01;31m[Kerror: [m[Kparse error in template argument list
    7 |   auto node = std::[01;31m[Kmake_shared<grab2_bt_testing_pkg::PickAndNavigate>[m[K();
      |                    [01;31m[K^~~~~~~~~~~~~~~~~~~~~~~~~~~~~~~~~~~~~~~~~~~~~~~~~~[m[K
[01m[K/home/zaynap/Projects/Bt/grab2_bt_testing_pkg/src/main.cpp:7:70:[m[K [01;31m[Kerror: [m[Kno matching function for call to â€˜[01m[Kmake_shared<<expression error> >()[m[Kâ€™
    7 |  auto node = [01;31m[Kstd::make_shared<grab2_bt_testing_pkg::PickAndNavigate>()[m[K;
      |              [01;31m[K~~~~~~~~~~~~~~~~~~~~~~~~~~~~~~~~~~~~~~~~~~~~~~~~~~~~~~~^~[m[K

In file included from [01m[K/usr/include/c++/11/memory:77[m[K,
                 from [01m[K/home/zaynap/Projects/Bt/install/grab2_ros_common/include/grab2_ros_common/grab2_ros_common/bt_execution_server.hpp:7[m[K,
                 from [01m[K/home/zaynap/Projects/Bt/grab2_bt_testing_pkg/include/grab2_bt_testing_pkg/pick_and_navigate.hpp:4[m[K,
                 from [01m[K/home/zaynap/Projects/Bt/grab2_bt_testing_pkg/src/main.cpp:1[m[K:
[01m[K/usr/include/c++/11/bits/shared_ptr.h:875:5:[m[K [01;36m[Knote: [m[Kcandidate: â€˜[01m[Ktemplate<class _Tp, class ... _Args> std::shared_ptr<_Tp> std::make_shared(_Args&& ...)[m[Kâ€™
  875 |     [01;36m[Kmake_shared[m[K(_Args&&... __args)
      |     [01;36m[K^~~~~~~~~~~[m[K
[01m[K/usr/include/c++/11/bits/shared_ptr.h:875:5:[m[K [01;36m[Knote: [m[K  template argument deduction/substitution failed:
[01m[K/home/zaynap/Projects/Bt/grab2_bt_testing_pkg/src/main.cpp:7:70:[m[K [01;31m[Kerror: [m[Ktemplate argument 1 is invalid
    7 |  auto node = [01;31m[Kstd::make_shared<grab2_bt_testing_pkg::PickAndNavigate>()[m[K;
      |              [01;31m[K~~~~~~~~~~~~~~~~~~~~~~~~~~~~~~~~~~~~~~~~~~~~~~~~~~~~~~~^~[m[K

gmake[2]: *** [CMakeFiles/pick_and_navigate_node.dir/build.make:76: CMakeFiles/pick_and_navigate_node.dir/src/main.cpp.o] Error 1
gmake[1]: *** [CMakeFiles/Makefile2:165: CMakeFiles/pick_and_navigate_node.dir/all] Error 2
gmake: *** [Makefile:146: all] Error 2
