-- Found ament_cmake: 1.3.12 (/opt/ros/humble/share/ament_cmake/cmake)
-- Found ament_cmake_ros: 0.10.0 (/opt/ros/humble/share/ament_cmake_ros/cmake)
-- Found ament_index_cpp: 1.4.0 (/opt/ros/humble/share/ament_index_cpp/cmake)
-- Found grab2_msgs: 0.0.0 (/home/zaynap/Projects/Bt/install/grab2_msgs/share/grab2_msgs/cmake)
-- Found rosidl_generator_c: 3.1.7 (/opt/ros/humble/share/rosidl_generator_c/cmake)
-- Found rosidl_adapter: 3.1.7 (/opt/ros/humble/share/rosidl_adapter/cmake)
-- Found rosidl_generator_cpp: 3.1.7 (/opt/ros/humble/share/rosidl_generator_cpp/cmake)
-- Using all available rosidl_typesupport_c: rosidl_typesupport_fastrtps_c;rosidl_typesupport_introspection_c
-- Using all available rosidl_typesupport_cpp: rosidl_typesupport_fastrtps_cpp;rosidl_typesupport_introspection_cpp
-- Found behaviortree_cpp: 4.7.1 (/opt/ros/humble/share/behaviortree_cpp/cmake)
-- Found behaviortree_ros2: 0.3.0 (/home/zaynap/Projects/Bt/install/behaviortree_ros2/share/behaviortree_ros2/cmake)
-- Found rmw_implementation_cmake: 6.1.2 (/opt/ros/humble/share/rmw_implementation_cmake/cmake)
-- Found rmw_fastrtps_cpp: 6.2.8 (/opt/ros/humble/share/rmw_fastrtps_cpp/cmake)
-- Using RMW implementation 'rmw_fastrtps_cpp' as default
-- Found rclcpp_components: 16.0.15 (/opt/ros/humble/share/rclcpp_components/cmake)
-- Found tf2_ros: 0.25.16 (/opt/ros/humble/share/tf2_ros/cmake)
-- Found grab2_ros_common: 0.0.0 (/home/zaynap/Projects/Bt/install/grab2_ros_common/share/grab2_ros_common/cmake)
-- Found eigen3_cmake_module: 0.1.1 (/opt/ros/humble/share/eigen3_cmake_module/cmake)
-- Ensuring Eigen3 include directory is part of orocos-kdl CMake target
-- Found ament_lint_auto: 0.12.14 (/opt/ros/humble/share/ament_lint_auto/cmake)
-- Added test 'cppcheck' to perform static code analysis on C / C++ code
-- Configured cppcheck include dirs: $<BUILD_INTERFACE:/home/zaynap/Projects/Bt/grab2_bt_testing_pkg/include>
-- Configured cppcheck exclude dirs and/or files: 
-- Added test 'cpplint' to check C / C++ code against the Google style
-- Configured cpplint exclude dirs and/or files: 
-- Added test 'flake8' to check Python code syntax and style conventions
-- Added test 'lint_cmake' to check CMake code style
-- Added test 'pep257' to check Python code against some of the docstring style conventions in PEP 257
-- Added test 'uncrustify' to check C / C++ code style
-- Configured uncrustify additional arguments: 
-- Added test 'xmllint' to check XML markup files
-- Configuring done
-- Generating done
-- Build files have been written to: /home/zaynap/Projects/Bt/build/grab2_bt_testing_pkg
[ 25%] [32mBuilding CXX object CMakeFiles/pick_and_navigate.dir/src/testing_scenarios/pick_and_navigate.cpp.o[0m
[ 50%] [32m[1mLinking CXX static library libpick_and_navigate.a[0m
[ 50%] Built target pick_and_navigate
[ 75%] [32mBuilding CXX object CMakeFiles/pick_and_navigate_node.dir/src/main.cpp.o[0m
[01m[K/home/zaynap/Projects/Bt/grab2_bt_testing_pkg/src/main.cpp:[m[K In function â€˜[01m[Kint main(int, char**)[m[Kâ€™:
[01m[K/home/zaynap/Projects/Bt/grab2_bt_testing_pkg/src/main.cpp:7:32:[m[K [01;31m[Kerror: [m[Kâ€˜[01m[Kgrab2_bt_testing_pkg[m[Kâ€™ was not declared in this scope; did you mean â€˜[01m[Kgrab2_bt_testing[m[Kâ€™?
    7 |   auto node = std::make_shared<[01;31m[Kgrab2_bt_testing_pkg[m[K::PickAndNavigate>();
      |                                [01;31m[K^~~~~~~~~~~~~~~~~~~~[m[K
      |                                [32m[Kgrab2_bt_testing[m[K
[01m[K/home/zaynap/Projects/Bt/grab2_bt_testing_pkg/src/main.cpp:7:20:[m[K [01;31m[Kerror: [m[Kparse error in template argument list
    7 |   auto node = std::[01;31m[Kmake_shared<grab2_bt_testing_pkg::PickAndNavigate>[m[K();
      |                    [01;31m[K^~~~~~~~~~~~~~~~~~~~~~~~~~~~~~~~~~~~~~~~~~~~~~~~~~[m[K
[01m[K/home/zaynap/Projects/Bt/grab2_bt_testing_pkg/src/main.cpp:7:70:[m[K [01;31m[Kerror: [m[Kno matching function for call to â€˜[01m[Kmake_shared<<expression error> >()[m[Kâ€™
    7 |  auto node = [01;31m[Kstd::make_shared<grab2_bt_testing_pkg::PickAndNavigate>()[m[K;
      |              [01;31m[K~~~~~~~~~~~~~~~~~~~~~~~~~~~~~~~~~~~~~~~~~~~~~~~~~~~~~~~^~[m[K

In file included from [01m[K/usr/include/c++/11/memory:77[m[K,
                 from [01m[K/home/zaynap/Projects/Bt/install/grab2_ros_common/include/grab2_ros_common/grab2_ros_common/bt_execution_server.hpp:7[m[K,
                 from [01m[K/home/zaynap/Projects/Bt/grab2_bt_testing_pkg/include/grab2_bt_testing_pkg/pick_and_navigate.hpp:4[m[K,
                 from [01m[K/home/zaynap/Projects/Bt/grab2_bt_testing_pkg/src/main.cpp:1[m[K:
[01m[K/usr/include/c++/11/bits/shared_ptr.h:875:5:[m[K [01;36m[Knote: [m[Kcandidate: â€˜[01m[Ktemplate<class _Tp, class ... _Args> std::shared_ptr<_Tp> std::make_shared(_Args&& ...)[m[Kâ€™
  875 |     [01;36m[Kmake_shared[m[K(_Args&&... __args)
      |     [01;36m[K^~~~~~~~~~~[m[K
[01m[K/usr/include/c++/11/bits/shared_ptr.h:875:5:[m[K [01;36m[Knote: [m[K  template argument deduction/substitution failed:
[01m[K/home/zaynap/Projects/Bt/grab2_bt_testing_pkg/src/main.cpp:7:70:[m[K [01;31m[Kerror: [m[Ktemplate argument 1 is invalid
    7 |  auto node = [01;31m[Kstd::make_shared<grab2_bt_testing_pkg::PickAndNavigate>()[m[K;
      |              [01;31m[K~~~~~~~~~~~~~~~~~~~~~~~~~~~~~~~~~~~~~~~~~~~~~~~~~~~~~~~^~[m[K

gmake[2]: *** [CMakeFiles/pick_and_navigate_node.dir/build.make:76: CMakeFiles/pick_and_navigate_node.dir/src/main.cpp.o] Error 1
gmake[1]: *** [CMakeFiles/Makefile2:165: CMakeFiles/pick_and_navigate_node.dir/all] Error 2
gmake: *** [Makefile:146: all] Error 2
