[35m[1mConsolidate compiler generated dependencies of target pick_and_navigate[0m
[ 50%] Built target pick_and_navigate
[35m[1mConsolidate compiler generated dependencies of target pick_and_navigate_node[0m
[ 75%] [32mBuilding CXX object CMakeFiles/pick_and_navigate_node.dir/src/main.cpp.o[0m
[01m[K/home/zaynap/Projects/Bt/grab2_bt_testing_pkg/src/main.cpp:[m[K In function â€˜[01m[Kint main(int, char**)[m[Kâ€™:
[01m[K/home/zaynap/Projects/Bt/grab2_bt_testing_pkg/src/main.cpp:8:15:[m[K [01;31m[Kerror: [m[Kno matching function for call to â€˜[01m[Kspin(std::shared_ptr<grab2_bt_testing::PickAndNavigate>&)[m[Kâ€™
    8 |   [01;31m[Krclcpp::spin(node)[m[K;
      |   [01;31m[K~~~~~~~~~~~~^~~~~~[m[K
In file included from [01m[K/opt/ros/humble/include/rclcpp/rclcpp/rclcpp.hpp:155[m[K,
                 from [01m[K/home/zaynap/Projects/Bt/install/behaviortree_ros2/include/behaviortree_ros2/ros_node_params.hpp:17[m[K,
                 from [01m[K/home/zaynap/Projects/Bt/install/behaviortree_ros2/include/behaviortree_ros2/plugins.hpp:21[m[K,
                 from [01m[K/home/zaynap/Projects/Bt/install/behaviortree_ros2/include/behaviortree_ros2/bt_utils.hpp:26[m[K,
                 from [01m[K/home/zaynap/Projects/Bt/install/grab2_ros_common/include/grab2_ros_common/grab2_ros_common/bt_execution_server.hpp:16[m[K,
                 from [01m[K/home/zaynap/Projects/Bt/grab2_bt_testing_pkg/include/grab2_bt_testing_pkg/pick_and_navigate.hpp:4[m[K,
                 from [01m[K/home/zaynap/Projects/Bt/grab2_bt_testing_pkg/src/main.cpp:1[m[K:
[01m[K/opt/ros/humble/include/rclcpp/rclcpp/executors.hpp:45:1:[m[K [01;36m[Knote: [m[Kcandidate: â€˜[01m[Kvoid rclcpp::spin(rclcpp::node_interfaces::NodeBaseInterface::SharedPtr)[m[Kâ€™
   45 | [01;36m[Kspin[m[K(rclcpp::node_interfaces::NodeBaseInterface::SharedPtr node_ptr);
      | [01;36m[K^~~~[m[K
[01m[K/opt/ros/humble/include/rclcpp/rclcpp/executors.hpp:45:60:[m[K [01;36m[Knote: [m[K  no known conversion for argument 1 from â€˜[01m[Kshared_ptr<[01;32m[Kgrab2_bt_testing::PickAndNavigate[m[K>[m[Kâ€™ to â€˜[01m[Kshared_ptr<[01;32m[Krclcpp::node_interfaces::NodeBaseInterface[m[K>[m[Kâ€™
   45 | spin([01;36m[Krclcpp::node_interfaces::NodeBaseInterface::SharedPtr node_ptr[m[K);
      |      [01;36m[K~~~~~~~~~~~~~~~~~~~~~~~~~~~~~~~~~~~~~~~~~~~~~~~~~~~~~~^~~~~~~~[m[K
[01m[K/opt/ros/humble/include/rclcpp/rclcpp/executors.hpp:49:1:[m[K [01;36m[Knote: [m[Kcandidate: â€˜[01m[Kvoid rclcpp::spin(rclcpp::Node::SharedPtr)[m[Kâ€™
   49 | [01;36m[Kspin[m[K(rclcpp::Node::SharedPtr node_ptr);
      | [01;36m[K^~~~[m[K
[01m[K/opt/ros/humble/include/rclcpp/rclcpp/executors.hpp:49:30:[m[K [01;36m[Knote: [m[K  no known conversion for argument 1 from â€˜[01m[Kshared_ptr<[01;32m[Kgrab2_bt_testing::PickAndNavigate[m[K>[m[Kâ€™ to â€˜[01m[Kshared_ptr<[01;32m[Krclcpp::Node[m[K>[m[Kâ€™
   49 | spin([01;36m[Krclcpp::Node::SharedPtr node_ptr[m[K);
      |      [01;36m[K~~~~~~~~~~~~~~~~~~~~~~~~^~~~~~~~[m[K
In file included from [01m[K/usr/include/x86_64-linux-gnu/c++/11/bits/c++allocator.h:33[m[K,
                 from [01m[K/usr/include/c++/11/bits/allocator.h:46[m[K,
                 from [01m[K/usr/include/c++/11/memory:64[m[K,
                 from [01m[K/home/zaynap/Projects/Bt/install/grab2_ros_common/include/grab2_ros_common/grab2_ros_common/bt_execution_server.hpp:7[m[K,
                 from [01m[K/home/zaynap/Projects/Bt/grab2_bt_testing_pkg/include/grab2_bt_testing_pkg/pick_and_navigate.hpp:4[m[K,
                 from [01m[K/home/zaynap/Projects/Bt/grab2_bt_testing_pkg/src/main.cpp:1[m[K:
/usr/include/c++/11/ext/new_allocator.h: In instantiation of â€˜[01m[Kvoid __gnu_cxx::new_allocator<_Tp>::construct(_Up*, _Args&& ...) [with _Up = grab2_bt_testing::PickAndNavigate; _Args = {}; _Tp = grab2_bt_testing::PickAndNavigate][m[Kâ€™:
[01m[K/usr/include/c++/11/bits/alloc_traits.h:516:17:[m[K   required from â€˜[01m[Kstatic void std::allocator_traits<std::allocator<_Tp1> >::construct(std::allocator_traits<std::allocator<_Tp1> >::allocator_type&, _Up*, _Args&& ...) [with _Up = grab2_bt_testing::PickAndNavigate; _Args = {}; _Tp = grab2_bt_testing::PickAndNavigate; std::allocator_traits<std::allocator<_Tp1> >::allocator_type = std::allocator<grab2_bt_testing::PickAndNavigate>][m[Kâ€™
[01m[K/usr/include/c++/11/bits/shared_ptr_base.h:519:39:[m[K   required from â€˜[01m[Kstd::_Sp_counted_ptr_inplace<_Tp, _Alloc, _Lp>::_Sp_counted_ptr_inplace(_Alloc, _Args&& ...) [with _Args = {}; _Tp = grab2_bt_testing::PickAndNavigate; _Alloc = std::allocator<grab2_bt_testing::PickAndNavigate>; __gnu_cxx::_Lock_policy _Lp = __gnu_cxx::_S_atomic][m[Kâ€™
[01m[K/usr/include/c++/11/bits/shared_ptr_base.h:650:16:[m[K   required from â€˜[01m[Kstd::__shared_count<_Lp>::__shared_count(_Tp*&, std::_Sp_alloc_shared_tag<_Alloc>, _Args&& ...) [with _Tp = grab2_bt_testing::PickAndNavigate; _Alloc = std::allocator<grab2_bt_testing::PickAndNavigate>; _Args = {}; __gnu_cxx::_Lock_policy _Lp = __gnu_cxx::_S_atomic][m[Kâ€™
[01m[K/usr/include/c++/11/bits/shared_ptr_base.h:1342:14:[m[K   required from â€˜[01m[Kstd::__shared_ptr<_Tp, _Lp>::__shared_ptr(std::_Sp_alloc_shared_tag<_Tp>, _Args&& ...) [with _Alloc = std::allocator<grab2_bt_testing::PickAndNavigate>; _Args = {}; _Tp = grab2_bt_testing::PickAndNavigate; __gnu_cxx::_Lock_policy _Lp = __gnu_cxx::_S_atomic][m[Kâ€™
[01m[K/usr/include/c++/11/bits/shared_ptr.h:409:59:[m[K   required from â€˜[01m[Kstd::shared_ptr<_Tp>::shared_ptr(std::_Sp_alloc_shared_tag<_Tp>, _Args&& ...) [with _Alloc = std::allocator<grab2_bt_testing::PickAndNavigate>; _Args = {}; _Tp = grab2_bt_testing::PickAndNavigate][m[Kâ€™
[01m[K/usr/include/c++/11/bits/shared_ptr.h:862:14:[m[K   required from â€˜[01m[Kstd::shared_ptr<_Tp> std::allocate_shared(const _Alloc&, _Args&& ...) [with _Tp = grab2_bt_testing::PickAndNavigate; _Alloc = std::allocator<grab2_bt_testing::PickAndNavigate>; _Args = {}][m[Kâ€™
[01m[K/usr/include/c++/11/bits/shared_ptr.h:878:39:[m[K   required from â€˜[01m[Kstd::shared_ptr<_Tp> std::make_shared(_Args&& ...) [with _Tp = grab2_bt_testing::PickAndNavigate; _Args = {}][m[Kâ€™
[01m[K/home/zaynap/Projects/Bt/grab2_bt_testing_pkg/src/main.cpp:7:66:[m[K   required from here
[01m[K/usr/include/c++/11/ext/new_allocator.h:162:11:[m[K [01;31m[Kerror: [m[Kno matching function for call to â€˜[01m[Kgrab2_bt_testing::PickAndNavigate::PickAndNavigate()[m[Kâ€™
  162 |         { [01;31m[K::new((void *)__p) _Up(std::forward<_Args>(__args)...)[m[K; }
      |           [01;31m[K^~~~~~~~~~~~~~~~~~~~~~~~~~~~~~~~~~~~~~~~~~~~~~~~~~~~~~[m[K
In file included from [01m[K/home/zaynap/Projects/Bt/grab2_bt_testing_pkg/src/main.cpp:1[m[K:
[01m[K/home/zaynap/Projects/Bt/grab2_bt_testing_pkg/include/grab2_bt_testing_pkg/pick_and_navigate.hpp:18:3:[m[K [01;36m[Knote: [m[Kcandidate: â€˜[01m[Kgrab2_bt_testing::PickAndNavigate::PickAndNavigate(const rclcpp::NodeOptions&)[m[Kâ€™
   18 |   [01;36m[KPickAndNavigate[m[K(const rclcpp::NodeOptions & options);
      |   [01;36m[K^~~~~~~~~~~~~~~[m[K
[01m[K/home/zaynap/Projects/Bt/grab2_bt_testing_pkg/include/grab2_bt_testing_pkg/pick_and_navigate.hpp:18:3:[m[K [01;36m[Knote: [m[K  candidate expects 1 argument, 0 provided
gmake[2]: *** [CMakeFiles/pick_and_navigate_node.dir/build.make:76: CMakeFiles/pick_and_navigate_node.dir/src/main.cpp.o] Error 1
gmake[1]: *** [CMakeFiles/Makefile2:165: CMakeFiles/pick_and_navigate_node.dir/all] Error 2
gmake: *** [Makefile:146: all] Error 2
