[0.000000] (-) TimerEvent: {}
[0.000427] (-) JobUnselected: {'identifier': 'behaviortree_ros2'}
[0.000551] (-) JobUnselected: {'identifier': 'btcpp_ros2_interfaces'}
[0.000573] (-) JobUnselected: {'identifier': 'btcpp_ros2_samples'}
[0.000590] (-) JobUnselected: {'identifier': 'grab2_behavior_tree'}
[0.000606] (-) JobUnselected: {'identifier': 'grab2_bt_grabber'}
[0.000620] (-) JobUnselected: {'identifier': 'grab2_msgs'}
[0.000635] (-) JobUnselected: {'identifier': 'grab2_planner'}
[0.000650] (-) JobUnselected: {'identifier': 'grab2_ros_common'}
[0.000664] (-) JobUnselected: {'identifier': 'tiago_grab'}
[0.000679] (-) JobUnselected: {'identifier': 'tiago_nav'}
[0.000693] (-) JobUnselected: {'identifier': 'tiago_sim'}
[0.000708] (-) JobUnselected: {'identifier': 'tiago_slam'}
[0.000724] (grab2_bt_testing_pkg) JobQueued: {'identifier': 'grab2_bt_testing_pkg', 'dependencies': OrderedDict([('btcpp_ros2_interfaces', '/home/zaynap/Projects/Bt/install/btcpp_ros2_interfaces'), ('behaviortree_ros2', '/home/zaynap/Projects/Bt/install/behaviortree_ros2'), ('grab2_msgs', '/home/zaynap/Projects/Bt/install/grab2_msgs'), ('grab2_ros_common', '/home/zaynap/Projects/Bt/install/grab2_ros_common')])}
[0.000748] (grab2_bt_testing_pkg) JobStarted: {'identifier': 'grab2_bt_testing_pkg'}
[0.014233] (grab2_bt_testing_pkg) JobProgress: {'identifier': 'grab2_bt_testing_pkg', 'progress': 'cmake'}
[0.014797] (grab2_bt_testing_pkg) JobProgress: {'identifier': 'grab2_bt_testing_pkg', 'progress': 'build'}
[0.015462] (grab2_bt_testing_pkg) Command: {'cmd': ['/usr/bin/cmake', '--build', '/home/zaynap/Projects/Bt/build/grab2_bt_testing_pkg', '--', '-j8', '-l8'], 'cwd': '/home/zaynap/Projects/Bt/build/grab2_bt_testing_pkg', 'env': OrderedDict([('LESSOPEN', '| /usr/bin/lesspipe %s'), ('LANGUAGE', 'en_GB:en'), ('USER', 'zaynap'), ('LC_TIME', 'ar_EG.UTF-8'), ('XDG_SESSION_TYPE', 'x11'), ('SHLVL', '1'), ('LD_LIBRARY_PATH', '/home/zaynap/Projects/Bt/install/grab2_msgs/lib:/home/zaynap/Projects/Bt/install/btcpp_ros2_interfaces/lib:/home/zaynap/Projects/Bt/install/grab2_planner/lib:/home/zaynap/Projects/Bt/install/grab2_bt_testing_pkg/lib:/home/zaynap/Projects/Bt/install/grab2_bt_grabber/lib:/home/zaynap/Projects/Bt/install/grab2_behavior_tree/lib:/home/zaynap/Projects/Bt/install/behaviortree_ros2/lib:/usr/lib/x86_64-linux-gnu/gazebo-11/plugins:/opt/ros/humble/opt/rviz_ogre_vendor/lib:/opt/ros/humble/lib/x86_64-linux-gnu:/opt/ros/humble/lib'), ('HOME', '/home/zaynap'), ('OLDPWD', '/home/zaynap/Projects/Bt/grab2_bt_testing_pkg'), ('DESKTOP_SESSION', 'ubuntu'), ('ROS_PYTHON_VERSION', '3'), ('GNOME_SHELL_SESSION_MODE', 'ubuntu'), ('GTK_MODULES', 'gail:atk-bridge'), ('LC_MONETARY', 'ar_EG.UTF-8'), ('SYSTEMD_EXEC_PID', '2611'), ('DBUS_SESSION_BUS_ADDRESS', 'unix:path=/run/user/1000/bus'), ('COLORTERM', 'truecolor'), ('COLCON_PREFIX_PATH', '/home/zaynap/Projects/Bt/install'), ('ROS_DISTRO', 'humble'), ('GTK_IM_MODULE', 'ibus'), ('LOGNAME', 'zaynap'), ('_', '/usr/bin/colcon'), ('ROS_VERSION', '2'), ('XDG_SESSION_CLASS', 'user'), ('USERNAME', 'zaynap'), ('TERM', 'xterm-256color'), ('GNOME_DESKTOP_SESSION_ID', 'this-is-deprecated'), ('ROS_LOCALHOST_ONLY', '0'), ('WINDOWPATH', '2'), ('PATH', '/opt/ros/humble/bin:/home/zaynap/.local/bin:/usr/local/sbin:/usr/local/bin:/usr/sbin:/usr/bin:/sbin:/bin:/usr/games:/usr/local/games:/snap/bin:/snap/bin:/Groot2/bin'), ('SESSION_MANAGER', 'local/zaynap:@/tmp/.ICE-unix/2521,unix/zaynap:/tmp/.ICE-unix/2521'), ('PAPERSIZE', 'a4'), ('XDG_MENU_PREFIX', 'gnome-'), ('LC_ADDRESS', 'ar_EG.UTF-8'), ('GNOME_TERMINAL_SCREEN', '/org/gnome/Terminal/screen/3ddd31b9_ccc3_4e68_8697_ebe6c3d0648b'), ('MATLAB_JAVA', '/usr/lib/jvm/java-11-openjdk-amd64/'), ('XDG_RUNTIME_DIR', '/run/user/1000'), ('DISPLAY', ':1'), ('LANG', 'en_GB.UTF-8'), ('XDG_CURRENT_DESKTOP', 'ubuntu:GNOME'), ('LC_TELEPHONE', 'ar_EG.UTF-8'), ('XMODIFIERS', '@im=ibus'), ('XDG_SESSION_DESKTOP', 'ubuntu'), ('XAUTHORITY', '/run/user/1000/gdm/Xauthority'), ('LS_COLORS', 'rs=0:di=01;34:ln=01;36:mh=00:pi=40;33:so=01;35:do=01;35:bd=40;33;01:cd=40;33;01:or=40;31;01:mi=00:su=37;41:sg=30;43:ca=30;41:tw=30;42:ow=34;42:st=37;44:ex=01;32:*.tar=01;31:*.tgz=01;31:*.arc=01;31:*.arj=01;31:*.taz=01;31:*.lha=01;31:*.lz4=01;31:*.lzh=01;31:*.lzma=01;31:*.tlz=01;31:*.txz=01;31:*.tzo=01;31:*.t7z=01;31:*.zip=01;31:*.z=01;31:*.dz=01;31:*.gz=01;31:*.lrz=01;31:*.lz=01;31:*.lzo=01;31:*.xz=01;31:*.zst=01;31:*.tzst=01;31:*.bz2=01;31:*.bz=01;31:*.tbz=01;31:*.tbz2=01;31:*.tz=01;31:*.deb=01;31:*.rpm=01;31:*.jar=01;31:*.war=01;31:*.ear=01;31:*.sar=01;31:*.rar=01;31:*.alz=01;31:*.ace=01;31:*.zoo=01;31:*.cpio=01;31:*.7z=01;31:*.rz=01;31:*.cab=01;31:*.wim=01;31:*.swm=01;31:*.dwm=01;31:*.esd=01;31:*.jpg=01;35:*.jpeg=01;35:*.mjpg=01;35:*.mjpeg=01;35:*.gif=01;35:*.bmp=01;35:*.pbm=01;35:*.pgm=01;35:*.ppm=01;35:*.tga=01;35:*.xbm=01;35:*.xpm=01;35:*.tif=01;35:*.tiff=01;35:*.png=01;35:*.svg=01;35:*.svgz=01;35:*.mng=01;35:*.pcx=01;35:*.mov=01;35:*.mpg=01;35:*.mpeg=01;35:*.m2v=01;35:*.mkv=01;35:*.webm=01;35:*.webp=01;35:*.ogm=01;35:*.mp4=01;35:*.m4v=01;35:*.mp4v=01;35:*.vob=01;35:*.qt=01;35:*.nuv=01;35:*.wmv=01;35:*.asf=01;35:*.rm=01;35:*.rmvb=01;35:*.flc=01;35:*.avi=01;35:*.fli=01;35:*.flv=01;35:*.gl=01;35:*.dl=01;35:*.xcf=01;35:*.xwd=01;35:*.yuv=01;35:*.cgm=01;35:*.emf=01;35:*.ogv=01;35:*.ogx=01;35:*.aac=00;36:*.au=00;36:*.flac=00;36:*.m4a=00;36:*.mid=00;36:*.midi=00;36:*.mka=00;36:*.mp3=00;36:*.mpc=00;36:*.ogg=00;36:*.ra=00;36:*.wav=00;36:*.oga=00;36:*.opus=00;36:*.spx=00;36:*.xspf=00;36:'), ('GNOME_TERMINAL_SERVICE', ':1.111'), ('SSH_AGENT_LAUNCHER', 'gnome-keyring'), ('SSH_AUTH_SOCK', '/run/user/1000/keyring/ssh'), ('ROS_DOMAIN_ID', '8'), ('AMENT_PREFIX_PATH', '/home/zaynap/Projects/Bt/install/tiago_slam:/home/zaynap/Projects/Bt/install/tiago_sim:/home/zaynap/Projects/Bt/install/tiago_nav:/home/zaynap/Projects/Bt/install/tiago_grab:/home/zaynap/Projects/Bt/install/grab2_planner:/home/zaynap/Projects/Bt/install/grab2_bt_testing_pkg:/home/zaynap/Projects/Bt/install/grab2_bt_grabber:/home/zaynap/Projects/Bt/install/grab2_ros_common:/home/zaynap/Projects/Bt/install/grab2_behavior_tree:/home/zaynap/Projects/Bt/install/grab2_msgs:/home/zaynap/Projects/Bt/install/btcpp_ros2_samples:/home/zaynap/Projects/Bt/install/behaviortree_ros2:/home/zaynap/Projects/Bt/install/btcpp_ros2_interfaces:/opt/ros/humble'), ('SHELL', '/bin/bash'), ('IGN_GAZEBO_SYSTEM_PLUGIN_PATH', '/usr/lib/x86_64-linux-gnu/ign-gazebo-6/plugins'), ('LC_NAME', 'ar_EG.UTF-8'), ('QT_ACCESSIBILITY', '1'), ('GDMSESSION', 'ubuntu'), ('LESSCLOSE', '/usr/bin/lesspipe %s %s'), ('LC_MEASUREMENT', 'ar_EG.UTF-8'), ('GPG_AGENT_INFO', '/run/user/1000/gnupg/S.gpg-agent:0:1'), ('LC_IDENTIFICATION', 'ar_EG.UTF-8'), ('QT_IM_MODULE', 'ibus'), ('PWD', '/home/zaynap/Projects/Bt/build/grab2_bt_testing_pkg'), ('TURTLEBOT3_MODEL', 'burger'), ('LC_ALL', 'en_US.UTF-8'), ('XDG_CONFIG_DIRS', '/etc/xdg/xdg-ubuntu:/etc/xdg'), ('XDG_DATA_DIRS', '/usr/share/ubuntu:/usr/share/gnome:/home/zaynap/.local/share/flatpak/exports/share:/var/lib/flatpak/exports/share:/usr/local/share/:/usr/share/:/var/lib/snapd/desktop'), ('PYTHONPATH', '/home/zaynap/Projects/Bt/install/grab2_msgs/local/lib/python3.10/dist-packages:/home/zaynap/Projects/Bt/install/btcpp_ros2_interfaces/local/lib/python3.10/dist-packages:/opt/ros/humble/lib/python3.10/site-packages:/opt/ros/humble/local/lib/python3.10/dist-packages'), ('LC_NUMERIC', 'ar_EG.UTF-8'), ('LC_PAPER', 'ar_EG.UTF-8'), ('COLCON', '1'), ('VTE_VERSION', '6800'), ('CMAKE_PREFIX_PATH', '/home/zaynap/Projects/Bt/install/grab2_ros_common:/home/zaynap/Projects/Bt/install/grab2_msgs:/home/zaynap/Projects/Bt/install/behaviortree_ros2:/home/zaynap/Projects/Bt/install/btcpp_ros2_interfaces:/home/zaynap/Projects/Bt/install/tiago_slam:/home/zaynap/Projects/Bt/install/tiago_sim:/home/zaynap/Projects/Bt/install/tiago_nav:/home/zaynap/Projects/Bt/install/tiago_grab:/home/zaynap/Projects/Bt/install/grab2_planner:/home/zaynap/Projects/Bt/install/grab2_bt_testing_pkg:/home/zaynap/Projects/Bt/install/grab2_bt_grabber:/home/zaynap/Projects/Bt/install/grab2_behavior_tree:/home/zaynap/Projects/Bt/install/btcpp_ros2_samples:/opt/ros/humble')]), 'shell': False}
[0.069283] (grab2_bt_testing_pkg) StdoutLine: {'line': b'[ 50%] Built target pick_and_navigate\n'}
[0.081482] (grab2_bt_testing_pkg) StdoutLine: {'line': b'\x1b[35m\x1b[1mConsolidate compiler generated dependencies of target pick_and_navigate_node\x1b[0m\n'}
[0.098087] (grab2_bt_testing_pkg) StdoutLine: {'line': b'[ 75%] \x1b[32mBuilding CXX object CMakeFiles/pick_and_navigate_node.dir/src/main.cpp.o\x1b[0m\n'}
[0.099793] (-) TimerEvent: {}
[0.200055] (-) TimerEvent: {}
[0.300341] (-) TimerEvent: {}
[0.400605] (-) TimerEvent: {}
[0.500848] (-) TimerEvent: {}
[0.601093] (-) TimerEvent: {}
[0.701366] (-) TimerEvent: {}
[0.801647] (-) TimerEvent: {}
[0.901936] (-) TimerEvent: {}
[1.002265] (-) TimerEvent: {}
[1.102563] (-) TimerEvent: {}
[1.202835] (-) TimerEvent: {}
[1.303123] (-) TimerEvent: {}
[1.403436] (-) TimerEvent: {}
[1.503765] (-) TimerEvent: {}
[1.604051] (-) TimerEvent: {}
[1.704336] (-) TimerEvent: {}
[1.804574] (-) TimerEvent: {}
[1.904817] (-) TimerEvent: {}
[2.005106] (-) TimerEvent: {}
[2.106352] (-) TimerEvent: {}
[2.206598] (-) TimerEvent: {}
[2.306871] (-) TimerEvent: {}
[2.407154] (-) TimerEvent: {}
[2.507390] (-) TimerEvent: {}
[2.607634] (-) TimerEvent: {}
[2.707896] (-) TimerEvent: {}
[2.808187] (-) TimerEvent: {}
[2.908481] (-) TimerEvent: {}
[3.008742] (-) TimerEvent: {}
[3.109069] (-) TimerEvent: {}
[3.209358] (-) TimerEvent: {}
[3.309614] (-) TimerEvent: {}
[3.409886] (-) TimerEvent: {}
[3.510354] (-) TimerEvent: {}
[3.610759] (-) TimerEvent: {}
[3.711069] (-) TimerEvent: {}
[3.724250] (grab2_bt_testing_pkg) StderrLine: {'line': b'\x1b[01m\x1b[K/home/zaynap/Projects/Bt/grab2_bt_testing_pkg/src/main.cpp:\x1b[m\x1b[K In function \xe2\x80\x98\x1b[01m\x1b[Kint main(int, char**)\x1b[m\x1b[K\xe2\x80\x99:\n'}
[3.724440] (grab2_bt_testing_pkg) StderrLine: {'line': b'\x1b[01m\x1b[K/home/zaynap/Projects/Bt/grab2_bt_testing_pkg/src/main.cpp:14:15:\x1b[m\x1b[K \x1b[01;31m\x1b[Kerror: \x1b[m\x1b[Kno matching function for call to \xe2\x80\x98\x1b[01m\x1b[Kspin(std::shared_ptr<grab2_bt_testing::PickAndNavigate>&)\x1b[m\x1b[K\xe2\x80\x99\n'}
[3.724513] (grab2_bt_testing_pkg) StderrLine: {'line': b'   14 |   \x1b[01;31m\x1b[Krclcpp::spin(node)\x1b[m\x1b[K;\n'}
[3.724576] (grab2_bt_testing_pkg) StderrLine: {'line': b'      |   \x1b[01;31m\x1b[K~~~~~~~~~~~~^~~~~~\x1b[m\x1b[K\n'}
[3.724635] (grab2_bt_testing_pkg) StderrLine: {'line': b'In file included from \x1b[01m\x1b[K/opt/ros/humble/include/rclcpp/rclcpp/rclcpp.hpp:155\x1b[m\x1b[K,\n'}
[3.724732] (grab2_bt_testing_pkg) StderrLine: {'line': b'                 from \x1b[01m\x1b[K/home/zaynap/Projects/Bt/install/behaviortree_ros2/include/behaviortree_ros2/ros_node_params.hpp:17\x1b[m\x1b[K,\n'}
[3.724801] (grab2_bt_testing_pkg) StderrLine: {'line': b'                 from \x1b[01m\x1b[K/home/zaynap/Projects/Bt/install/behaviortree_ros2/include/behaviortree_ros2/plugins.hpp:21\x1b[m\x1b[K,\n'}
[3.724885] (grab2_bt_testing_pkg) StderrLine: {'line': b'                 from \x1b[01m\x1b[K/home/zaynap/Projects/Bt/install/behaviortree_ros2/include/behaviortree_ros2/bt_utils.hpp:26\x1b[m\x1b[K,\n'}
[3.724970] (grab2_bt_testing_pkg) StderrLine: {'line': b'                 from \x1b[01m\x1b[K/home/zaynap/Projects/Bt/install/grab2_ros_common/include/grab2_ros_common/grab2_ros_common/bt_execution_server.hpp:16\x1b[m\x1b[K,\n'}
[3.725052] (grab2_bt_testing_pkg) StderrLine: {'line': b'                 from \x1b[01m\x1b[K/home/zaynap/Projects/Bt/grab2_bt_testing_pkg/include/grab2_bt_testing_pkg/pick_and_navigate.hpp:4\x1b[m\x1b[K,\n'}
[3.725123] (grab2_bt_testing_pkg) StderrLine: {'line': b'                 from \x1b[01m\x1b[K/home/zaynap/Projects/Bt/grab2_bt_testing_pkg/src/main.cpp:1\x1b[m\x1b[K:\n'}
[3.725206] (grab2_bt_testing_pkg) StderrLine: {'line': b'\x1b[01m\x1b[K/opt/ros/humble/include/rclcpp/rclcpp/executors.hpp:45:1:\x1b[m\x1b[K \x1b[01;36m\x1b[Knote: \x1b[m\x1b[Kcandidate: \xe2\x80\x98\x1b[01m\x1b[Kvoid rclcpp::spin(rclcpp::node_interfaces::NodeBaseInterface::SharedPtr)\x1b[m\x1b[K\xe2\x80\x99\n'}
[3.725329] (grab2_bt_testing_pkg) StderrLine: {'line': b'   45 | \x1b[01;36m\x1b[Kspin\x1b[m\x1b[K(rclcpp::node_interfaces::NodeBaseInterface::SharedPtr node_ptr);\n'}
[3.725410] (grab2_bt_testing_pkg) StderrLine: {'line': b'      | \x1b[01;36m\x1b[K^~~~\x1b[m\x1b[K\n'}
[3.725482] (grab2_bt_testing_pkg) StderrLine: {'line': b'\x1b[01m\x1b[K/opt/ros/humble/include/rclcpp/rclcpp/executors.hpp:45:60:\x1b[m\x1b[K \x1b[01;36m\x1b[Knote: \x1b[m\x1b[K  no known conversion for argument 1 from \xe2\x80\x98\x1b[01m\x1b[Kshared_ptr<\x1b[01;32m\x1b[Kgrab2_bt_testing::PickAndNavigate\x1b[m\x1b[K>\x1b[m\x1b[K\xe2\x80\x99 to \xe2\x80\x98\x1b[01m\x1b[Kshared_ptr<\x1b[01;32m\x1b[Krclcpp::node_interfaces::NodeBaseInterface\x1b[m\x1b[K>\x1b[m\x1b[K\xe2\x80\x99\n'}
[3.725574] (grab2_bt_testing_pkg) StderrLine: {'line': b'   45 | spin(\x1b[01;36m\x1b[Krclcpp::node_interfaces::NodeBaseInterface::SharedPtr node_ptr\x1b[m\x1b[K);\n'}
[3.725644] (grab2_bt_testing_pkg) StderrLine: {'line': b'      |      \x1b[01;36m\x1b[K~~~~~~~~~~~~~~~~~~~~~~~~~~~~~~~~~~~~~~~~~~~~~~~~~~~~~~^~~~~~~~\x1b[m\x1b[K\n'}
[3.725723] (grab2_bt_testing_pkg) StderrLine: {'line': b'\x1b[01m\x1b[K/opt/ros/humble/include/rclcpp/rclcpp/executors.hpp:49:1:\x1b[m\x1b[K \x1b[01;36m\x1b[Knote: \x1b[m\x1b[Kcandidate: \xe2\x80\x98\x1b[01m\x1b[Kvoid rclcpp::spin(rclcpp::Node::SharedPtr)\x1b[m\x1b[K\xe2\x80\x99\n'}
[3.725807] (grab2_bt_testing_pkg) StderrLine: {'line': b'   49 | \x1b[01;36m\x1b[Kspin\x1b[m\x1b[K(rclcpp::Node::SharedPtr node_ptr);\n'}
[3.725912] (grab2_bt_testing_pkg) StderrLine: {'line': b'      | \x1b[01;36m\x1b[K^~~~\x1b[m\x1b[K\n'}
[3.725971] (grab2_bt_testing_pkg) StderrLine: {'line': b'\x1b[01m\x1b[K/opt/ros/humble/include/rclcpp/rclcpp/executors.hpp:49:30:\x1b[m\x1b[K \x1b[01;36m\x1b[Knote: \x1b[m\x1b[K  no known conversion for argument 1 from \xe2\x80\x98\x1b[01m\x1b[Kshared_ptr<\x1b[01;32m\x1b[Kgrab2_bt_testing::PickAndNavigate\x1b[m\x1b[K>\x1b[m\x1b[K\xe2\x80\x99 to \xe2\x80\x98\x1b[01m\x1b[Kshared_ptr<\x1b[01;32m\x1b[Krclcpp::Node\x1b[m\x1b[K>\x1b[m\x1b[K\xe2\x80\x99\n'}
[3.726029] (grab2_bt_testing_pkg) StderrLine: {'line': b'   49 | spin(\x1b[01;36m\x1b[Krclcpp::Node::SharedPtr node_ptr\x1b[m\x1b[K);\n'}
[3.726085] (grab2_bt_testing_pkg) StderrLine: {'line': b'      |      \x1b[01;36m\x1b[K~~~~~~~~~~~~~~~~~~~~~~~~^~~~~~~~\x1b[m\x1b[K\n'}
[3.811167] (-) TimerEvent: {}
[3.911486] (-) TimerEvent: {}
[4.011784] (-) TimerEvent: {}
[4.112082] (-) TimerEvent: {}
[4.212385] (-) TimerEvent: {}
[4.312706] (-) TimerEvent: {}
[4.412941] (-) TimerEvent: {}
[4.513223] (-) TimerEvent: {}
[4.613488] (-) TimerEvent: {}
[4.713773] (-) TimerEvent: {}
[4.814028] (-) TimerEvent: {}
[4.914334] (-) TimerEvent: {}
[5.014649] (-) TimerEvent: {}
[5.090374] (grab2_bt_testing_pkg) StderrLine: {'line': b'gmake[2]: *** [CMakeFiles/pick_and_navigate_node.dir/build.make:76: CMakeFiles/pick_and_navigate_node.dir/src/main.cpp.o] Error 1\n'}
[5.090623] (grab2_bt_testing_pkg) StderrLine: {'line': b'gmake[1]: *** [CMakeFiles/Makefile2:165: CMakeFiles/pick_and_navigate_node.dir/all] Error 2\n'}
[5.090811] (grab2_bt_testing_pkg) StderrLine: {'line': b'gmake: *** [Makefile:146: all] Error 2\n'}
[5.092743] (grab2_bt_testing_pkg) CommandEnded: {'returncode': 2}
[5.101020] (grab2_bt_testing_pkg) JobEnded: {'identifier': 'grab2_bt_testing_pkg', 'rc': 2}
[5.111675] (-) EventReactorShutdown: {}
