[0.000000] (-) TimerEvent: {}
[0.000389] (-) JobUnselected: {'identifier': 'behaviortree_ros2'}
[0.000529] (-) JobUnselected: {'identifier': 'btcpp_ros2_interfaces'}
[0.000550] (-) JobUnselected: {'identifier': 'btcpp_ros2_samples'}
[0.000568] (-) JobUnselected: {'identifier': 'grab2_behavior_tree'}
[0.000584] (-) JobUnselected: {'identifier': 'grab2_bt_grabber'}
[0.000600] (-) JobUnselected: {'identifier': 'grab2_msgs'}
[0.000616] (-) JobUnselected: {'identifier': 'grab2_planner'}
[0.000632] (-) JobUnselected: {'identifier': 'grab2_ros_common'}
[0.000656] (-) JobUnselected: {'identifier': 'tiago_grab'}
[0.000698] (-) JobUnselected: {'identifier': 'tiago_nav'}
[0.000715] (-) JobUnselected: {'identifier': 'tiago_sim'}
[0.000731] (-) JobUnselected: {'identifier': 'tiago_slam'}
[0.000748] (grab2_bt_testing_pkg) JobQueued: {'identifier': 'grab2_bt_testing_pkg', 'dependencies': OrderedDict([('btcpp_ros2_interfaces', '/home/zaynap/Projects/Bt/install/btcpp_ros2_interfaces'), ('behaviortree_ros2', '/home/zaynap/Projects/Bt/install/behaviortree_ros2'), ('grab2_msgs', '/home/zaynap/Projects/Bt/install/grab2_msgs'), ('grab2_ros_common', '/home/zaynap/Projects/Bt/install/grab2_ros_common')])}
[0.000774] (grab2_bt_testing_pkg) JobStarted: {'identifier': 'grab2_bt_testing_pkg'}
[0.014488] (grab2_bt_testing_pkg) JobProgress: {'identifier': 'grab2_bt_testing_pkg', 'progress': 'cmake'}
[0.015138] (grab2_bt_testing_pkg) Command: {'cmd': ['/usr/bin/cmake', '/home/zaynap/Projects/Bt/grab2_bt_testing_pkg', '-DCMAKE_INSTALL_PREFIX=/home/zaynap/Projects/Bt/install/grab2_bt_testing_pkg'], 'cwd': '/home/zaynap/Projects/Bt/build/grab2_bt_testing_pkg', 'env': OrderedDict([('LESSOPEN', '| /usr/bin/lesspipe %s'), ('LANGUAGE', 'en_GB:en'), ('USER', 'zaynap'), ('LC_TIME', 'ar_EG.UTF-8'), ('XDG_SESSION_TYPE', 'x11'), ('SHLVL', '1'), ('LD_LIBRARY_PATH', '/home/zaynap/Projects/Bt/install/grab2_msgs/lib:/home/zaynap/Projects/Bt/install/btcpp_ros2_interfaces/lib:/home/zaynap/Projects/Bt/install/grab2_planner/lib:/home/zaynap/Projects/Bt/install/grab2_bt_testing_pkg/lib:/home/zaynap/Projects/Bt/install/grab2_bt_grabber/lib:/home/zaynap/Projects/Bt/install/grab2_behavior_tree/lib:/home/zaynap/Projects/Bt/install/behaviortree_ros2/lib:/usr/lib/x86_64-linux-gnu/gazebo-11/plugins:/opt/ros/humble/opt/rviz_ogre_vendor/lib:/opt/ros/humble/lib/x86_64-linux-gnu:/opt/ros/humble/lib'), ('HOME', '/home/zaynap'), ('OLDPWD', '/home/zaynap/Projects/Bt/grab2_bt_testing_pkg'), ('DESKTOP_SESSION', 'ubuntu'), ('ROS_PYTHON_VERSION', '3'), ('GNOME_SHELL_SESSION_MODE', 'ubuntu'), ('GTK_MODULES', 'gail:atk-bridge'), ('LC_MONETARY', 'ar_EG.UTF-8'), ('SYSTEMD_EXEC_PID', '2611'), ('DBUS_SESSION_BUS_ADDRESS', 'unix:path=/run/user/1000/bus'), ('COLORTERM', 'truecolor'), ('COLCON_PREFIX_PATH', '/home/zaynap/Projects/Bt/install'), ('ROS_DISTRO', 'humble'), ('GTK_IM_MODULE', 'ibus'), ('LOGNAME', 'zaynap'), ('_', '/usr/bin/colcon'), ('ROS_VERSION', '2'), ('XDG_SESSION_CLASS', 'user'), ('USERNAME', 'zaynap'), ('TERM', 'xterm-256color'), ('GNOME_DESKTOP_SESSION_ID', 'this-is-deprecated'), ('ROS_LOCALHOST_ONLY', '0'), ('WINDOWPATH', '2'), ('PATH', '/opt/ros/humble/bin:/home/zaynap/.local/bin:/usr/local/sbin:/usr/local/bin:/usr/sbin:/usr/bin:/sbin:/bin:/usr/games:/usr/local/games:/snap/bin:/snap/bin:/Groot2/bin'), ('SESSION_MANAGER', 'local/zaynap:@/tmp/.ICE-unix/2521,unix/zaynap:/tmp/.ICE-unix/2521'), ('PAPERSIZE', 'a4'), ('XDG_MENU_PREFIX', 'gnome-'), ('LC_ADDRESS', 'ar_EG.UTF-8'), ('GNOME_TERMINAL_SCREEN', '/org/gnome/Terminal/screen/3ddd31b9_ccc3_4e68_8697_ebe6c3d0648b'), ('MATLAB_JAVA', '/usr/lib/jvm/java-11-openjdk-amd64/'), ('XDG_RUNTIME_DIR', '/run/user/1000'), ('DISPLAY', ':1'), ('LANG', 'en_GB.UTF-8'), ('XDG_CURRENT_DESKTOP', 'ubuntu:GNOME'), ('LC_TELEPHONE', 'ar_EG.UTF-8'), ('XMODIFIERS', '@im=ibus'), ('XDG_SESSION_DESKTOP', 'ubuntu'), ('XAUTHORITY', '/run/user/1000/gdm/Xauthority'), ('LS_COLORS', 'rs=0:di=01;34:ln=01;36:mh=00:pi=40;33:so=01;35:do=01;35:bd=40;33;01:cd=40;33;01:or=40;31;01:mi=00:su=37;41:sg=30;43:ca=30;41:tw=30;42:ow=34;42:st=37;44:ex=01;32:*.tar=01;31:*.tgz=01;31:*.arc=01;31:*.arj=01;31:*.taz=01;31:*.lha=01;31:*.lz4=01;31:*.lzh=01;31:*.lzma=01;31:*.tlz=01;31:*.txz=01;31:*.tzo=01;31:*.t7z=01;31:*.zip=01;31:*.z=01;31:*.dz=01;31:*.gz=01;31:*.lrz=01;31:*.lz=01;31:*.lzo=01;31:*.xz=01;31:*.zst=01;31:*.tzst=01;31:*.bz2=01;31:*.bz=01;31:*.tbz=01;31:*.tbz2=01;31:*.tz=01;31:*.deb=01;31:*.rpm=01;31:*.jar=01;31:*.war=01;31:*.ear=01;31:*.sar=01;31:*.rar=01;31:*.alz=01;31:*.ace=01;31:*.zoo=01;31:*.cpio=01;31:*.7z=01;31:*.rz=01;31:*.cab=01;31:*.wim=01;31:*.swm=01;31:*.dwm=01;31:*.esd=01;31:*.jpg=01;35:*.jpeg=01;35:*.mjpg=01;35:*.mjpeg=01;35:*.gif=01;35:*.bmp=01;35:*.pbm=01;35:*.pgm=01;35:*.ppm=01;35:*.tga=01;35:*.xbm=01;35:*.xpm=01;35:*.tif=01;35:*.tiff=01;35:*.png=01;35:*.svg=01;35:*.svgz=01;35:*.mng=01;35:*.pcx=01;35:*.mov=01;35:*.mpg=01;35:*.mpeg=01;35:*.m2v=01;35:*.mkv=01;35:*.webm=01;35:*.webp=01;35:*.ogm=01;35:*.mp4=01;35:*.m4v=01;35:*.mp4v=01;35:*.vob=01;35:*.qt=01;35:*.nuv=01;35:*.wmv=01;35:*.asf=01;35:*.rm=01;35:*.rmvb=01;35:*.flc=01;35:*.avi=01;35:*.fli=01;35:*.flv=01;35:*.gl=01;35:*.dl=01;35:*.xcf=01;35:*.xwd=01;35:*.yuv=01;35:*.cgm=01;35:*.emf=01;35:*.ogv=01;35:*.ogx=01;35:*.aac=00;36:*.au=00;36:*.flac=00;36:*.m4a=00;36:*.mid=00;36:*.midi=00;36:*.mka=00;36:*.mp3=00;36:*.mpc=00;36:*.ogg=00;36:*.ra=00;36:*.wav=00;36:*.oga=00;36:*.opus=00;36:*.spx=00;36:*.xspf=00;36:'), ('GNOME_TERMINAL_SERVICE', ':1.111'), ('SSH_AGENT_LAUNCHER', 'gnome-keyring'), ('SSH_AUTH_SOCK', '/run/user/1000/keyring/ssh'), ('ROS_DOMAIN_ID', '8'), ('AMENT_PREFIX_PATH', '/home/zaynap/Projects/Bt/install/tiago_slam:/home/zaynap/Projects/Bt/install/tiago_sim:/home/zaynap/Projects/Bt/install/tiago_nav:/home/zaynap/Projects/Bt/install/tiago_grab:/home/zaynap/Projects/Bt/install/grab2_planner:/home/zaynap/Projects/Bt/install/grab2_bt_testing_pkg:/home/zaynap/Projects/Bt/install/grab2_bt_grabber:/home/zaynap/Projects/Bt/install/grab2_ros_common:/home/zaynap/Projects/Bt/install/grab2_behavior_tree:/home/zaynap/Projects/Bt/install/grab2_msgs:/home/zaynap/Projects/Bt/install/btcpp_ros2_samples:/home/zaynap/Projects/Bt/install/behaviortree_ros2:/home/zaynap/Projects/Bt/install/btcpp_ros2_interfaces:/opt/ros/humble'), ('SHELL', '/bin/bash'), ('IGN_GAZEBO_SYSTEM_PLUGIN_PATH', '/usr/lib/x86_64-linux-gnu/ign-gazebo-6/plugins'), ('LC_NAME', 'ar_EG.UTF-8'), ('QT_ACCESSIBILITY', '1'), ('GDMSESSION', 'ubuntu'), ('LESSCLOSE', '/usr/bin/lesspipe %s %s'), ('LC_MEASUREMENT', 'ar_EG.UTF-8'), ('GPG_AGENT_INFO', '/run/user/1000/gnupg/S.gpg-agent:0:1'), ('LC_IDENTIFICATION', 'ar_EG.UTF-8'), ('QT_IM_MODULE', 'ibus'), ('PWD', '/home/zaynap/Projects/Bt/build/grab2_bt_testing_pkg'), ('TURTLEBOT3_MODEL', 'burger'), ('LC_ALL', 'en_US.UTF-8'), ('XDG_CONFIG_DIRS', '/etc/xdg/xdg-ubuntu:/etc/xdg'), ('XDG_DATA_DIRS', '/usr/share/ubuntu:/usr/share/gnome:/home/zaynap/.local/share/flatpak/exports/share:/var/lib/flatpak/exports/share:/usr/local/share/:/usr/share/:/var/lib/snapd/desktop'), ('PYTHONPATH', '/home/zaynap/Projects/Bt/install/grab2_msgs/local/lib/python3.10/dist-packages:/home/zaynap/Projects/Bt/install/btcpp_ros2_interfaces/local/lib/python3.10/dist-packages:/opt/ros/humble/lib/python3.10/site-packages:/opt/ros/humble/local/lib/python3.10/dist-packages'), ('LC_NUMERIC', 'ar_EG.UTF-8'), ('LC_PAPER', 'ar_EG.UTF-8'), ('COLCON', '1'), ('VTE_VERSION', '6800'), ('CMAKE_PREFIX_PATH', '/home/zaynap/Projects/Bt/install/grab2_ros_common:/home/zaynap/Projects/Bt/install/grab2_msgs:/home/zaynap/Projects/Bt/install/behaviortree_ros2:/home/zaynap/Projects/Bt/install/btcpp_ros2_interfaces:/home/zaynap/Projects/Bt/install/tiago_slam:/home/zaynap/Projects/Bt/install/tiago_sim:/home/zaynap/Projects/Bt/install/tiago_nav:/home/zaynap/Projects/Bt/install/tiago_grab:/home/zaynap/Projects/Bt/install/grab2_planner:/home/zaynap/Projects/Bt/install/grab2_bt_testing_pkg:/home/zaynap/Projects/Bt/install/grab2_bt_grabber:/home/zaynap/Projects/Bt/install/grab2_behavior_tree:/home/zaynap/Projects/Bt/install/btcpp_ros2_samples:/opt/ros/humble')]), 'shell': False}
[0.027779] (grab2_bt_testing_pkg) StdoutLine: {'line': b'-- Found ament_cmake: 1.3.12 (/opt/ros/humble/share/ament_cmake/cmake)\n'}
[0.099678] (-) TimerEvent: {}
[0.158264] (grab2_bt_testing_pkg) StdoutLine: {'line': b'-- Found ament_cmake_ros: 0.10.0 (/opt/ros/humble/share/ament_cmake_ros/cmake)\n'}
[0.161219] (grab2_bt_testing_pkg) StdoutLine: {'line': b'-- Found ament_index_cpp: 1.4.0 (/opt/ros/humble/share/ament_index_cpp/cmake)\n'}
[0.162348] (grab2_bt_testing_pkg) StdoutLine: {'line': b'-- Found grab2_msgs: 0.0.0 (/home/zaynap/Projects/Bt/install/grab2_msgs/share/grab2_msgs/cmake)\n'}
[0.186448] (grab2_bt_testing_pkg) StdoutLine: {'line': b'-- Found rosidl_generator_c: 3.1.7 (/opt/ros/humble/share/rosidl_generator_c/cmake)\n'}
[0.188583] (grab2_bt_testing_pkg) StdoutLine: {'line': b'-- Found rosidl_adapter: 3.1.7 (/opt/ros/humble/share/rosidl_adapter/cmake)\n'}
[0.194227] (grab2_bt_testing_pkg) StdoutLine: {'line': b'-- Found rosidl_generator_cpp: 3.1.7 (/opt/ros/humble/share/rosidl_generator_cpp/cmake)\n'}
[0.199748] (-) TimerEvent: {}
[0.203552] (grab2_bt_testing_pkg) StdoutLine: {'line': b'-- Using all available rosidl_typesupport_c: rosidl_typesupport_fastrtps_c;rosidl_typesupport_introspection_c\n'}
[0.215734] (grab2_bt_testing_pkg) StdoutLine: {'line': b'-- Using all available rosidl_typesupport_cpp: rosidl_typesupport_fastrtps_cpp;rosidl_typesupport_introspection_cpp\n'}
[0.299859] (-) TimerEvent: {}
[0.400136] (-) TimerEvent: {}
[0.468080] (grab2_bt_testing_pkg) StdoutLine: {'line': b'-- Found behaviortree_cpp: 4.7.1 (/opt/ros/humble/share/behaviortree_cpp/cmake)\n'}
[0.470091] (grab2_bt_testing_pkg) StdoutLine: {'line': b'-- Found behaviortree_ros2: 0.3.0 (/home/zaynap/Projects/Bt/install/behaviortree_ros2/share/behaviortree_ros2/cmake)\n'}
[0.496712] (grab2_bt_testing_pkg) StdoutLine: {'line': b'-- Found rmw_implementation_cmake: 6.1.2 (/opt/ros/humble/share/rmw_implementation_cmake/cmake)\n'}
[0.498332] (grab2_bt_testing_pkg) StdoutLine: {'line': b'-- Found rmw_fastrtps_cpp: 6.2.8 (/opt/ros/humble/share/rmw_fastrtps_cpp/cmake)\n'}
[0.500277] (-) TimerEvent: {}
[0.598697] (grab2_bt_testing_pkg) StdoutLine: {'line': b"-- Using RMW implementation 'rmw_fastrtps_cpp' as default\n"}
[0.600364] (-) TimerEvent: {}
[0.674821] (grab2_bt_testing_pkg) StdoutLine: {'line': b'-- Found rclcpp_components: 16.0.15 (/opt/ros/humble/share/rclcpp_components/cmake)\n'}
[0.692888] (grab2_bt_testing_pkg) StdoutLine: {'line': b'-- Found tf2_ros: 0.25.16 (/opt/ros/humble/share/tf2_ros/cmake)\n'}
[0.700457] (-) TimerEvent: {}
[0.724343] (grab2_bt_testing_pkg) StdoutLine: {'line': b'-- Found grab2_ros_common: 0.0.0 (/home/zaynap/Projects/Bt/install/grab2_ros_common/share/grab2_ros_common/cmake)\n'}
[0.734983] (grab2_bt_testing_pkg) StdoutLine: {'line': b'-- Found eigen3_cmake_module: 0.1.1 (/opt/ros/humble/share/eigen3_cmake_module/cmake)\n'}
[0.736272] (grab2_bt_testing_pkg) StdoutLine: {'line': b'-- Ensuring Eigen3 include directory is part of orocos-kdl CMake target\n'}
[0.742649] (grab2_bt_testing_pkg) StdoutLine: {'line': b'-- Found ament_lint_auto: 0.12.14 (/opt/ros/humble/share/ament_lint_auto/cmake)\n'}
[0.800549] (-) TimerEvent: {}
[0.857807] (grab2_bt_testing_pkg) StdoutLine: {'line': b"-- Added test 'cppcheck' to perform static code analysis on C / C++ code\n"}
[0.858015] (grab2_bt_testing_pkg) StdoutLine: {'line': b'-- Configured cppcheck include dirs: $<BUILD_INTERFACE:/home/zaynap/Projects/Bt/grab2_bt_testing_pkg/include>\n'}
[0.858132] (grab2_bt_testing_pkg) StdoutLine: {'line': b'-- Configured cppcheck exclude dirs and/or files: \n'}
[0.859084] (grab2_bt_testing_pkg) StdoutLine: {'line': b"-- Added test 'cpplint' to check C / C++ code against the Google style\n"}
[0.859220] (grab2_bt_testing_pkg) StdoutLine: {'line': b'-- Configured cpplint exclude dirs and/or files: \n'}
[0.859829] (grab2_bt_testing_pkg) StdoutLine: {'line': b"-- Added test 'flake8' to check Python code syntax and style conventions\n"}
[0.860565] (grab2_bt_testing_pkg) StdoutLine: {'line': b"-- Added test 'lint_cmake' to check CMake code style\n"}
[0.861198] (grab2_bt_testing_pkg) StdoutLine: {'line': b"-- Added test 'pep257' to check Python code against some of the docstring style conventions in PEP 257\n"}
[0.862411] (grab2_bt_testing_pkg) StdoutLine: {'line': b"-- Added test 'uncrustify' to check C / C++ code style\n"}
[0.862546] (grab2_bt_testing_pkg) StdoutLine: {'line': b'-- Configured uncrustify additional arguments: \n'}
[0.863120] (grab2_bt_testing_pkg) StdoutLine: {'line': b"-- Added test 'xmllint' to check XML markup files\n"}
[0.866316] (grab2_bt_testing_pkg) StdoutLine: {'line': b'-- Configuring done\n'}
[0.889531] (grab2_bt_testing_pkg) StdoutLine: {'line': b'-- Generating done\n'}
[0.897076] (grab2_bt_testing_pkg) StdoutLine: {'line': b'-- Build files have been written to: /home/zaynap/Projects/Bt/build/grab2_bt_testing_pkg\n'}
[0.900646] (-) TimerEvent: {}
[0.906086] (grab2_bt_testing_pkg) CommandEnded: {'returncode': 0}
[0.906621] (grab2_bt_testing_pkg) JobProgress: {'identifier': 'grab2_bt_testing_pkg', 'progress': 'build'}
[0.907361] (grab2_bt_testing_pkg) Command: {'cmd': ['/usr/bin/cmake', '--build', '/home/zaynap/Projects/Bt/build/grab2_bt_testing_pkg', '--', '-j8', '-l8'], 'cwd': '/home/zaynap/Projects/Bt/build/grab2_bt_testing_pkg', 'env': OrderedDict([('LESSOPEN', '| /usr/bin/lesspipe %s'), ('LANGUAGE', 'en_GB:en'), ('USER', 'zaynap'), ('LC_TIME', 'ar_EG.UTF-8'), ('XDG_SESSION_TYPE', 'x11'), ('SHLVL', '1'), ('LD_LIBRARY_PATH', '/home/zaynap/Projects/Bt/install/grab2_msgs/lib:/home/zaynap/Projects/Bt/install/btcpp_ros2_interfaces/lib:/home/zaynap/Projects/Bt/install/grab2_planner/lib:/home/zaynap/Projects/Bt/install/grab2_bt_testing_pkg/lib:/home/zaynap/Projects/Bt/install/grab2_bt_grabber/lib:/home/zaynap/Projects/Bt/install/grab2_behavior_tree/lib:/home/zaynap/Projects/Bt/install/behaviortree_ros2/lib:/usr/lib/x86_64-linux-gnu/gazebo-11/plugins:/opt/ros/humble/opt/rviz_ogre_vendor/lib:/opt/ros/humble/lib/x86_64-linux-gnu:/opt/ros/humble/lib'), ('HOME', '/home/zaynap'), ('OLDPWD', '/home/zaynap/Projects/Bt/grab2_bt_testing_pkg'), ('DESKTOP_SESSION', 'ubuntu'), ('ROS_PYTHON_VERSION', '3'), ('GNOME_SHELL_SESSION_MODE', 'ubuntu'), ('GTK_MODULES', 'gail:atk-bridge'), ('LC_MONETARY', 'ar_EG.UTF-8'), ('SYSTEMD_EXEC_PID', '2611'), ('DBUS_SESSION_BUS_ADDRESS', 'unix:path=/run/user/1000/bus'), ('COLORTERM', 'truecolor'), ('COLCON_PREFIX_PATH', '/home/zaynap/Projects/Bt/install'), ('ROS_DISTRO', 'humble'), ('GTK_IM_MODULE', 'ibus'), ('LOGNAME', 'zaynap'), ('_', '/usr/bin/colcon'), ('ROS_VERSION', '2'), ('XDG_SESSION_CLASS', 'user'), ('USERNAME', 'zaynap'), ('TERM', 'xterm-256color'), ('GNOME_DESKTOP_SESSION_ID', 'this-is-deprecated'), ('ROS_LOCALHOST_ONLY', '0'), ('WINDOWPATH', '2'), ('PATH', '/opt/ros/humble/bin:/home/zaynap/.local/bin:/usr/local/sbin:/usr/local/bin:/usr/sbin:/usr/bin:/sbin:/bin:/usr/games:/usr/local/games:/snap/bin:/snap/bin:/Groot2/bin'), ('SESSION_MANAGER', 'local/zaynap:@/tmp/.ICE-unix/2521,unix/zaynap:/tmp/.ICE-unix/2521'), ('PAPERSIZE', 'a4'), ('XDG_MENU_PREFIX', 'gnome-'), ('LC_ADDRESS', 'ar_EG.UTF-8'), ('GNOME_TERMINAL_SCREEN', '/org/gnome/Terminal/screen/3ddd31b9_ccc3_4e68_8697_ebe6c3d0648b'), ('MATLAB_JAVA', '/usr/lib/jvm/java-11-openjdk-amd64/'), ('XDG_RUNTIME_DIR', '/run/user/1000'), ('DISPLAY', ':1'), ('LANG', 'en_GB.UTF-8'), ('XDG_CURRENT_DESKTOP', 'ubuntu:GNOME'), ('LC_TELEPHONE', 'ar_EG.UTF-8'), ('XMODIFIERS', '@im=ibus'), ('XDG_SESSION_DESKTOP', 'ubuntu'), ('XAUTHORITY', '/run/user/1000/gdm/Xauthority'), ('LS_COLORS', 'rs=0:di=01;34:ln=01;36:mh=00:pi=40;33:so=01;35:do=01;35:bd=40;33;01:cd=40;33;01:or=40;31;01:mi=00:su=37;41:sg=30;43:ca=30;41:tw=30;42:ow=34;42:st=37;44:ex=01;32:*.tar=01;31:*.tgz=01;31:*.arc=01;31:*.arj=01;31:*.taz=01;31:*.lha=01;31:*.lz4=01;31:*.lzh=01;31:*.lzma=01;31:*.tlz=01;31:*.txz=01;31:*.tzo=01;31:*.t7z=01;31:*.zip=01;31:*.z=01;31:*.dz=01;31:*.gz=01;31:*.lrz=01;31:*.lz=01;31:*.lzo=01;31:*.xz=01;31:*.zst=01;31:*.tzst=01;31:*.bz2=01;31:*.bz=01;31:*.tbz=01;31:*.tbz2=01;31:*.tz=01;31:*.deb=01;31:*.rpm=01;31:*.jar=01;31:*.war=01;31:*.ear=01;31:*.sar=01;31:*.rar=01;31:*.alz=01;31:*.ace=01;31:*.zoo=01;31:*.cpio=01;31:*.7z=01;31:*.rz=01;31:*.cab=01;31:*.wim=01;31:*.swm=01;31:*.dwm=01;31:*.esd=01;31:*.jpg=01;35:*.jpeg=01;35:*.mjpg=01;35:*.mjpeg=01;35:*.gif=01;35:*.bmp=01;35:*.pbm=01;35:*.pgm=01;35:*.ppm=01;35:*.tga=01;35:*.xbm=01;35:*.xpm=01;35:*.tif=01;35:*.tiff=01;35:*.png=01;35:*.svg=01;35:*.svgz=01;35:*.mng=01;35:*.pcx=01;35:*.mov=01;35:*.mpg=01;35:*.mpeg=01;35:*.m2v=01;35:*.mkv=01;35:*.webm=01;35:*.webp=01;35:*.ogm=01;35:*.mp4=01;35:*.m4v=01;35:*.mp4v=01;35:*.vob=01;35:*.qt=01;35:*.nuv=01;35:*.wmv=01;35:*.asf=01;35:*.rm=01;35:*.rmvb=01;35:*.flc=01;35:*.avi=01;35:*.fli=01;35:*.flv=01;35:*.gl=01;35:*.dl=01;35:*.xcf=01;35:*.xwd=01;35:*.yuv=01;35:*.cgm=01;35:*.emf=01;35:*.ogv=01;35:*.ogx=01;35:*.aac=00;36:*.au=00;36:*.flac=00;36:*.m4a=00;36:*.mid=00;36:*.midi=00;36:*.mka=00;36:*.mp3=00;36:*.mpc=00;36:*.ogg=00;36:*.ra=00;36:*.wav=00;36:*.oga=00;36:*.opus=00;36:*.spx=00;36:*.xspf=00;36:'), ('GNOME_TERMINAL_SERVICE', ':1.111'), ('SSH_AGENT_LAUNCHER', 'gnome-keyring'), ('SSH_AUTH_SOCK', '/run/user/1000/keyring/ssh'), ('ROS_DOMAIN_ID', '8'), ('AMENT_PREFIX_PATH', '/home/zaynap/Projects/Bt/install/tiago_slam:/home/zaynap/Projects/Bt/install/tiago_sim:/home/zaynap/Projects/Bt/install/tiago_nav:/home/zaynap/Projects/Bt/install/tiago_grab:/home/zaynap/Projects/Bt/install/grab2_planner:/home/zaynap/Projects/Bt/install/grab2_bt_testing_pkg:/home/zaynap/Projects/Bt/install/grab2_bt_grabber:/home/zaynap/Projects/Bt/install/grab2_ros_common:/home/zaynap/Projects/Bt/install/grab2_behavior_tree:/home/zaynap/Projects/Bt/install/grab2_msgs:/home/zaynap/Projects/Bt/install/btcpp_ros2_samples:/home/zaynap/Projects/Bt/install/behaviortree_ros2:/home/zaynap/Projects/Bt/install/btcpp_ros2_interfaces:/opt/ros/humble'), ('SHELL', '/bin/bash'), ('IGN_GAZEBO_SYSTEM_PLUGIN_PATH', '/usr/lib/x86_64-linux-gnu/ign-gazebo-6/plugins'), ('LC_NAME', 'ar_EG.UTF-8'), ('QT_ACCESSIBILITY', '1'), ('GDMSESSION', 'ubuntu'), ('LESSCLOSE', '/usr/bin/lesspipe %s %s'), ('LC_MEASUREMENT', 'ar_EG.UTF-8'), ('GPG_AGENT_INFO', '/run/user/1000/gnupg/S.gpg-agent:0:1'), ('LC_IDENTIFICATION', 'ar_EG.UTF-8'), ('QT_IM_MODULE', 'ibus'), ('PWD', '/home/zaynap/Projects/Bt/build/grab2_bt_testing_pkg'), ('TURTLEBOT3_MODEL', 'burger'), ('LC_ALL', 'en_US.UTF-8'), ('XDG_CONFIG_DIRS', '/etc/xdg/xdg-ubuntu:/etc/xdg'), ('XDG_DATA_DIRS', '/usr/share/ubuntu:/usr/share/gnome:/home/zaynap/.local/share/flatpak/exports/share:/var/lib/flatpak/exports/share:/usr/local/share/:/usr/share/:/var/lib/snapd/desktop'), ('PYTHONPATH', '/home/zaynap/Projects/Bt/install/grab2_msgs/local/lib/python3.10/dist-packages:/home/zaynap/Projects/Bt/install/btcpp_ros2_interfaces/local/lib/python3.10/dist-packages:/opt/ros/humble/lib/python3.10/site-packages:/opt/ros/humble/local/lib/python3.10/dist-packages'), ('LC_NUMERIC', 'ar_EG.UTF-8'), ('LC_PAPER', 'ar_EG.UTF-8'), ('COLCON', '1'), ('VTE_VERSION', '6800'), ('CMAKE_PREFIX_PATH', '/home/zaynap/Projects/Bt/install/grab2_ros_common:/home/zaynap/Projects/Bt/install/grab2_msgs:/home/zaynap/Projects/Bt/install/behaviortree_ros2:/home/zaynap/Projects/Bt/install/btcpp_ros2_interfaces:/home/zaynap/Projects/Bt/install/tiago_slam:/home/zaynap/Projects/Bt/install/tiago_sim:/home/zaynap/Projects/Bt/install/tiago_nav:/home/zaynap/Projects/Bt/install/tiago_grab:/home/zaynap/Projects/Bt/install/grab2_planner:/home/zaynap/Projects/Bt/install/grab2_bt_testing_pkg:/home/zaynap/Projects/Bt/install/grab2_bt_grabber:/home/zaynap/Projects/Bt/install/grab2_behavior_tree:/home/zaynap/Projects/Bt/install/btcpp_ros2_samples:/opt/ros/humble')]), 'shell': False}
[0.953119] (grab2_bt_testing_pkg) StdoutLine: {'line': b'[ 25%] \x1b[32mBuilding CXX object CMakeFiles/pick_and_navigate.dir/src/testing_scenarios/pick_and_navigate.cpp.o\x1b[0m\n'}
[1.000705] (-) TimerEvent: {}
[1.101009] (-) TimerEvent: {}
[1.201303] (-) TimerEvent: {}
[1.301615] (-) TimerEvent: {}
[1.401919] (-) TimerEvent: {}
[1.502234] (-) TimerEvent: {}
[1.602547] (-) TimerEvent: {}
[1.702891] (-) TimerEvent: {}
[1.803201] (-) TimerEvent: {}
[1.903515] (-) TimerEvent: {}
[2.003842] (-) TimerEvent: {}
[2.104151] (-) TimerEvent: {}
[2.204466] (-) TimerEvent: {}
[2.304804] (-) TimerEvent: {}
[2.405129] (-) TimerEvent: {}
[2.505444] (-) TimerEvent: {}
[2.605786] (-) TimerEvent: {}
[2.706111] (-) TimerEvent: {}
[2.806424] (-) TimerEvent: {}
[2.906783] (-) TimerEvent: {}
[3.007130] (-) TimerEvent: {}
[3.107456] (-) TimerEvent: {}
[3.207779] (-) TimerEvent: {}
[3.308117] (-) TimerEvent: {}
[3.408458] (-) TimerEvent: {}
[3.508702] (-) TimerEvent: {}
[3.608978] (-) TimerEvent: {}
[3.709310] (-) TimerEvent: {}
[3.809586] (-) TimerEvent: {}
[3.909840] (-) TimerEvent: {}
[4.010133] (-) TimerEvent: {}
[4.110436] (-) TimerEvent: {}
[4.210725] (-) TimerEvent: {}
[4.310987] (-) TimerEvent: {}
[4.411238] (-) TimerEvent: {}
[4.511537] (-) TimerEvent: {}
[4.611801] (-) TimerEvent: {}
[4.712047] (-) TimerEvent: {}
[4.812284] (-) TimerEvent: {}
[4.912556] (-) TimerEvent: {}
[5.012796] (-) TimerEvent: {}
[5.113040] (-) TimerEvent: {}
[5.213331] (-) TimerEvent: {}
[5.313726] (-) TimerEvent: {}
[5.414037] (-) TimerEvent: {}
[5.514337] (-) TimerEvent: {}
[5.614602] (-) TimerEvent: {}
[5.714896] (-) TimerEvent: {}
[5.815207] (-) TimerEvent: {}
[5.915511] (-) TimerEvent: {}
[6.015824] (-) TimerEvent: {}
[6.116126] (-) TimerEvent: {}
[6.216498] (-) TimerEvent: {}
[6.316753] (-) TimerEvent: {}
[6.417008] (-) TimerEvent: {}
[6.517304] (-) TimerEvent: {}
[6.617563] (-) TimerEvent: {}
[6.717860] (-) TimerEvent: {}
[6.818121] (-) TimerEvent: {}
[6.918440] (-) TimerEvent: {}
[7.018716] (-) TimerEvent: {}
[7.118992] (-) TimerEvent: {}
[7.219231] (-) TimerEvent: {}
[7.319507] (-) TimerEvent: {}
[7.419750] (-) TimerEvent: {}
[7.520002] (-) TimerEvent: {}
[7.620320] (-) TimerEvent: {}
[7.720654] (-) TimerEvent: {}
[7.820948] (-) TimerEvent: {}
[7.921258] (-) TimerEvent: {}
[8.021617] (-) TimerEvent: {}
[8.121917] (-) TimerEvent: {}
[8.222242] (-) TimerEvent: {}
[8.322552] (-) TimerEvent: {}
[8.422863] (-) TimerEvent: {}
[8.523109] (-) TimerEvent: {}
[8.623345] (-) TimerEvent: {}
[8.723596] (-) TimerEvent: {}
[8.823905] (-) TimerEvent: {}
[8.924146] (-) TimerEvent: {}
[9.024391] (-) TimerEvent: {}
[9.124631] (-) TimerEvent: {}
[9.224900] (-) TimerEvent: {}
[9.275674] (grab2_bt_testing_pkg) StdoutLine: {'line': b'[ 50%] \x1b[32m\x1b[1mLinking CXX static library libpick_and_navigate.a\x1b[0m\n'}
[9.324996] (-) TimerEvent: {}
[9.425240] (-) TimerEvent: {}
[9.525480] (-) TimerEvent: {}
[9.548822] (grab2_bt_testing_pkg) StdoutLine: {'line': b'[ 50%] Built target pick_and_navigate\n'}
[9.570154] (grab2_bt_testing_pkg) StdoutLine: {'line': b'[ 75%] \x1b[32mBuilding CXX object CMakeFiles/pick_and_navigate_node.dir/src/main.cpp.o\x1b[0m\n'}
[9.625608] (-) TimerEvent: {}
[9.725867] (-) TimerEvent: {}
[9.826120] (-) TimerEvent: {}
[9.926395] (-) TimerEvent: {}
[10.026679] (-) TimerEvent: {}
[10.126960] (-) TimerEvent: {}
[10.227220] (-) TimerEvent: {}
[10.327533] (-) TimerEvent: {}
[10.427830] (-) TimerEvent: {}
[10.528100] (-) TimerEvent: {}
[10.628430] (-) TimerEvent: {}
[10.728773] (-) TimerEvent: {}
[10.829096] (-) TimerEvent: {}
[10.929413] (-) TimerEvent: {}
[11.029708] (-) TimerEvent: {}
[11.130033] (-) TimerEvent: {}
[11.230352] (-) TimerEvent: {}
[11.330691] (-) TimerEvent: {}
[11.431037] (-) TimerEvent: {}
[11.531318] (-) TimerEvent: {}
[11.631567] (-) TimerEvent: {}
[11.731887] (-) TimerEvent: {}
[11.832222] (-) TimerEvent: {}
[11.932548] (-) TimerEvent: {}
[12.032875] (-) TimerEvent: {}
[12.133195] (-) TimerEvent: {}
[12.233539] (-) TimerEvent: {}
[12.333868] (-) TimerEvent: {}
[12.434185] (-) TimerEvent: {}
[12.534520] (-) TimerEvent: {}
[12.634895] (-) TimerEvent: {}
[12.735231] (-) TimerEvent: {}
[12.835556] (-) TimerEvent: {}
[12.935920] (-) TimerEvent: {}
[13.036234] (-) TimerEvent: {}
[13.136578] (-) TimerEvent: {}
[13.236947] (-) TimerEvent: {}
[13.337272] (-) TimerEvent: {}
[13.437585] (-) TimerEvent: {}
[13.511593] (grab2_bt_testing_pkg) StderrLine: {'line': b'\x1b[01m\x1b[K/home/zaynap/Projects/Bt/grab2_bt_testing_pkg/src/main.cpp:\x1b[m\x1b[K In function \xe2\x80\x98\x1b[01m\x1b[Kint main(int, char**)\x1b[m\x1b[K\xe2\x80\x99:\n'}
[13.511910] (grab2_bt_testing_pkg) StderrLine: {'line': b'\x1b[01m\x1b[K/home/zaynap/Projects/Bt/grab2_bt_testing_pkg/src/main.cpp:7:32:\x1b[m\x1b[K \x1b[01;31m\x1b[Kerror: \x1b[m\x1b[K\xe2\x80\x98\x1b[01m\x1b[Kgrab2_bt_testing_pkg\x1b[m\x1b[K\xe2\x80\x99 was not declared in this scope; did you mean \xe2\x80\x98\x1b[01m\x1b[Kgrab2_bt_testing\x1b[m\x1b[K\xe2\x80\x99?\n'}
[13.512060] (grab2_bt_testing_pkg) StderrLine: {'line': b'    7 |   auto node = std::make_shared<\x1b[01;31m\x1b[Kgrab2_bt_testing_pkg\x1b[m\x1b[K::PickAndNavigate>();\n'}
[13.512169] (grab2_bt_testing_pkg) StderrLine: {'line': b'      |                                \x1b[01;31m\x1b[K^~~~~~~~~~~~~~~~~~~~\x1b[m\x1b[K\n'}
[13.512274] (grab2_bt_testing_pkg) StderrLine: {'line': b'      |                                \x1b[32m\x1b[Kgrab2_bt_testing\x1b[m\x1b[K\n'}
[13.512474] (grab2_bt_testing_pkg) StderrLine: {'line': b'\x1b[01m\x1b[K/home/zaynap/Projects/Bt/grab2_bt_testing_pkg/src/main.cpp:7:20:\x1b[m\x1b[K \x1b[01;31m\x1b[Kerror: \x1b[m\x1b[Kparse error in template argument list\n'}
[13.512594] (grab2_bt_testing_pkg) StderrLine: {'line': b'    7 |   auto node = std::\x1b[01;31m\x1b[Kmake_shared<grab2_bt_testing_pkg::PickAndNavigate>\x1b[m\x1b[K();\n'}
[13.512701] (grab2_bt_testing_pkg) StderrLine: {'line': b'      |                    \x1b[01;31m\x1b[K^~~~~~~~~~~~~~~~~~~~~~~~~~~~~~~~~~~~~~~~~~~~~~~~~~\x1b[m\x1b[K\n'}
[13.512797] (grab2_bt_testing_pkg) StderrLine: {'line': b'\x1b[01m\x1b[K/home/zaynap/Projects/Bt/grab2_bt_testing_pkg/src/main.cpp:7:70:\x1b[m\x1b[K \x1b[01;31m\x1b[Kerror: \x1b[m\x1b[Kno matching function for call to \xe2\x80\x98\x1b[01m\x1b[Kmake_shared<<expression error> >()\x1b[m\x1b[K\xe2\x80\x99\n'}
[13.512896] (grab2_bt_testing_pkg) StderrLine: {'line': b'    7 |  auto node = \x1b[01;31m\x1b[Kstd::make_shared<grab2_bt_testing_pkg::PickAndNavigate>()\x1b[m\x1b[K;\n'}
[13.513007] (grab2_bt_testing_pkg) StderrLine: {'line': b'      |              \x1b[01;31m\x1b[K~~~~~~~~~~~~~~~~~~~~~~~~~~~~~~~~~~~~~~~~~~~~~~~~~~~~~~~^~\x1b[m\x1b[K\n'}
[13.513103] (grab2_bt_testing_pkg) StderrLine: {'line': b'\n'}
[13.513196] (grab2_bt_testing_pkg) StderrLine: {'line': b'In file included from \x1b[01m\x1b[K/usr/include/c++/11/memory:77\x1b[m\x1b[K,\n'}
[13.513291] (grab2_bt_testing_pkg) StderrLine: {'line': b'                 from \x1b[01m\x1b[K/home/zaynap/Projects/Bt/install/grab2_ros_common/include/grab2_ros_common/grab2_ros_common/bt_execution_server.hpp:7\x1b[m\x1b[K,\n'}
[13.513386] (grab2_bt_testing_pkg) StderrLine: {'line': b'                 from \x1b[01m\x1b[K/home/zaynap/Projects/Bt/grab2_bt_testing_pkg/include/grab2_bt_testing_pkg/pick_and_navigate.hpp:4\x1b[m\x1b[K,\n'}
[13.513479] (grab2_bt_testing_pkg) StderrLine: {'line': b'                 from \x1b[01m\x1b[K/home/zaynap/Projects/Bt/grab2_bt_testing_pkg/src/main.cpp:1\x1b[m\x1b[K:\n'}
[13.513572] (grab2_bt_testing_pkg) StderrLine: {'line': b'\x1b[01m\x1b[K/usr/include/c++/11/bits/shared_ptr.h:875:5:\x1b[m\x1b[K \x1b[01;36m\x1b[Knote: \x1b[m\x1b[Kcandidate: \xe2\x80\x98\x1b[01m\x1b[Ktemplate<class _Tp, class ... _Args> std::shared_ptr<_Tp> std::make_shared(_Args&& ...)\x1b[m\x1b[K\xe2\x80\x99\n'}
[13.513672] (grab2_bt_testing_pkg) StderrLine: {'line': b'  875 |     \x1b[01;36m\x1b[Kmake_shared\x1b[m\x1b[K(_Args&&... __args)\n'}
[13.513770] (grab2_bt_testing_pkg) StderrLine: {'line': b'      |     \x1b[01;36m\x1b[K^~~~~~~~~~~\x1b[m\x1b[K\n'}
[13.513865] (grab2_bt_testing_pkg) StderrLine: {'line': b'\x1b[01m\x1b[K/usr/include/c++/11/bits/shared_ptr.h:875:5:\x1b[m\x1b[K \x1b[01;36m\x1b[Knote: \x1b[m\x1b[K  template argument deduction/substitution failed:\n'}
[13.513954] (grab2_bt_testing_pkg) StderrLine: {'line': b'\x1b[01m\x1b[K/home/zaynap/Projects/Bt/grab2_bt_testing_pkg/src/main.cpp:7:70:\x1b[m\x1b[K \x1b[01;31m\x1b[Kerror: \x1b[m\x1b[Ktemplate argument 1 is invalid\n'}
[13.514043] (grab2_bt_testing_pkg) StderrLine: {'line': b'    7 |  auto node = \x1b[01;31m\x1b[Kstd::make_shared<grab2_bt_testing_pkg::PickAndNavigate>()\x1b[m\x1b[K;\n'}
[13.514137] (grab2_bt_testing_pkg) StderrLine: {'line': b'      |              \x1b[01;31m\x1b[K~~~~~~~~~~~~~~~~~~~~~~~~~~~~~~~~~~~~~~~~~~~~~~~~~~~~~~~^~\x1b[m\x1b[K\n'}
[13.514229] (grab2_bt_testing_pkg) StderrLine: {'line': b'\n'}
[13.537691] (-) TimerEvent: {}
[13.637997] (-) TimerEvent: {}
[13.738310] (-) TimerEvent: {}
[13.838631] (-) TimerEvent: {}
[13.938991] (-) TimerEvent: {}
[14.039325] (-) TimerEvent: {}
[14.139794] (-) TimerEvent: {}
[14.240101] (-) TimerEvent: {}
[14.340404] (-) TimerEvent: {}
[14.440724] (-) TimerEvent: {}
[14.541058] (-) TimerEvent: {}
[14.641381] (-) TimerEvent: {}
[14.741709] (-) TimerEvent: {}
[14.842015] (-) TimerEvent: {}
[14.900238] (grab2_bt_testing_pkg) StderrLine: {'line': b'gmake[2]: *** [CMakeFiles/pick_and_navigate_node.dir/build.make:76: CMakeFiles/pick_and_navigate_node.dir/src/main.cpp.o] Error 1\n'}
[14.900440] (grab2_bt_testing_pkg) StderrLine: {'line': b'gmake[1]: *** [CMakeFiles/Makefile2:165: CMakeFiles/pick_and_navigate_node.dir/all] Error 2\n'}
[14.901172] (grab2_bt_testing_pkg) StderrLine: {'line': b'gmake: *** [Makefile:146: all] Error 2\n'}
[14.902498] (grab2_bt_testing_pkg) CommandEnded: {'returncode': 2}
[14.911395] (grab2_bt_testing_pkg) JobEnded: {'identifier': 'grab2_bt_testing_pkg', 'rc': 2}
[14.922011] (-) EventReactorShutdown: {}
